10-24-2023 10:53:13.624 +0000 WARN  SSLOptions - server.conf/[sslConfig]/sslVerifyServerCert is false disabling certificate validation; must be set to "true" for increased security
10-24-2023 10:53:13.626 +0000 INFO  ServerConfig - No '/opt/splunk/etc/auth/server.pem' certificate found.  Splunkd communication will not work without this.  If this is a fresh installation, this should be OK.
10-24-2023 10:53:13.628 +0000 INFO  ServerConfig - disableSSLShutdown=0
10-24-2023 10:53:13.628 +0000 INFO  ServerConfig - Setting search process to have long life span: enable_search_process_long_lifespan=1
10-24-2023 10:53:13.628 +0000 INFO  ServerConfig - certificateStatusValidationMethod is not set, defaulting to none.
10-24-2023 10:53:13.629 +0000 INFO  ServerConfig - Splunk is starting with EC-SSC disabled
10-24-2023 10:53:16.079 +0000 INFO  loader - Getting configuration data from: /opt/splunk/etc/myinstall/splunkd.xml
10-24-2023 10:53:16.086 +0000 INFO  loader - SPLUNK_MODULE_PATH environment variable not found - defaulting to /opt/splunk/etc/modules
10-24-2023 10:53:16.087 +0000 INFO  loader - loading modules from /opt/splunk/etc/modules
10-24-2023 10:53:16.089 +0000 INFO  loader - Writing out composite configuration file: /opt/splunk/var/run/splunk/composite.xml
10-24-2023 10:53:30.354 +0000 WARN  SSLOptions - server.conf/[sslConfig]/sslVerifyServerCert is false disabling certificate validation; must be set to "true" for increased security
10-24-2023 10:53:30.357 +0000 INFO  ServerConfig - disableSSLShutdown=0
10-24-2023 10:53:30.358 +0000 INFO  ServerConfig - Setting search process to have long life span: enable_search_process_long_lifespan=1
10-24-2023 10:53:30.358 +0000 INFO  ServerConfig - certificateStatusValidationMethod is not set, defaulting to none.
10-24-2023 10:53:30.358 +0000 INFO  ServerConfig - Splunk is starting with EC-SSC disabled
10-24-2023 10:53:32.608 +0000 INFO  loader - Getting configuration data from: /opt/splunk/etc/myinstall/splunkd.xml
10-24-2023 10:53:32.614 +0000 INFO  loader - SPLUNK_MODULE_PATH environment variable not found - defaulting to /opt/splunk/etc/modules
10-24-2023 10:53:32.614 +0000 INFO  loader - loading modules from /opt/splunk/etc/modules
10-24-2023 10:53:32.616 +0000 INFO  loader - Writing out composite configuration file: /opt/splunk/var/run/splunk/composite.xml
10-24-2023 10:53:46.886 +0000 WARN  SSLOptions - server.conf/[sslConfig]/sslVerifyServerCert is false disabling certificate validation; must be set to "true" for increased security
10-24-2023 10:53:46.889 +0000 INFO  ServerConfig - disableSSLShutdown=0
10-24-2023 10:53:46.889 +0000 INFO  ServerConfig - Setting search process to have long life span: enable_search_process_long_lifespan=1
10-24-2023 10:53:46.890 +0000 INFO  ServerConfig - certificateStatusValidationMethod is not set, defaulting to none.
10-24-2023 10:53:46.890 +0000 INFO  ServerConfig - Splunk is starting with EC-SSC disabled
10-24-2023 10:53:49.166 +0000 INFO  loader - Getting configuration data from: /opt/splunk/etc/myinstall/splunkd.xml
10-24-2023 10:53:49.173 +0000 INFO  loader - SPLUNK_MODULE_PATH environment variable not found - defaulting to /opt/splunk/etc/modules
10-24-2023 10:53:49.174 +0000 INFO  loader - loading modules from /opt/splunk/etc/modules
10-24-2023 10:53:49.176 +0000 INFO  loader - Writing out composite configuration file: /opt/splunk/var/run/splunk/composite.xml
10-24-2023 10:54:03.371 +0000 WARN  SSLOptions - server.conf/[sslConfig]/sslVerifyServerCert is false disabling certificate validation; must be set to "true" for increased security
10-24-2023 10:54:03.374 +0000 INFO  ServerConfig - disableSSLShutdown=0
10-24-2023 10:54:03.374 +0000 INFO  ServerConfig - Setting search process to have long life span: enable_search_process_long_lifespan=1
10-24-2023 10:54:03.374 +0000 INFO  ServerConfig - certificateStatusValidationMethod is not set, defaulting to none.
10-24-2023 10:54:03.375 +0000 INFO  ServerConfig - Splunk is starting with EC-SSC disabled
10-24-2023 10:54:05.643 +0000 INFO  loader - Getting configuration data from: /opt/splunk/etc/myinstall/splunkd.xml
10-24-2023 10:54:05.650 +0000 INFO  loader - SPLUNK_MODULE_PATH environment variable not found - defaulting to /opt/splunk/etc/modules
10-24-2023 10:54:05.650 +0000 INFO  loader - loading modules from /opt/splunk/etc/modules
10-24-2023 10:54:05.652 +0000 INFO  loader - Writing out composite configuration file: /opt/splunk/var/run/splunk/composite.xml
10-24-2023 10:54:19.965 +0000 WARN  SSLOptions - server.conf/[sslConfig]/sslVerifyServerCert is false disabling certificate validation; must be set to "true" for increased security
10-24-2023 10:54:19.967 +0000 INFO  ServerConfig - disableSSLShutdown=0
10-24-2023 10:54:19.968 +0000 INFO  ServerConfig - Setting search process to have long life span: enable_search_process_long_lifespan=1
10-24-2023 10:54:19.968 +0000 INFO  ServerConfig - certificateStatusValidationMethod is not set, defaulting to none.
10-24-2023 10:54:19.969 +0000 INFO  ServerConfig - Splunk is starting with EC-SSC disabled
10-24-2023 10:54:22.247 +0000 INFO  loader - Getting configuration data from: /opt/splunk/etc/myinstall/splunkd.xml
10-24-2023 10:54:22.253 +0000 INFO  loader - SPLUNK_MODULE_PATH environment variable not found - defaulting to /opt/splunk/etc/modules
10-24-2023 10:54:22.254 +0000 INFO  loader - loading modules from /opt/splunk/etc/modules
10-24-2023 10:54:22.256 +0000 INFO  loader - Writing out composite configuration file: /opt/splunk/var/run/splunk/composite.xml
10-24-2023 10:54:36.395 +0000 WARN  SSLOptions - server.conf/[sslConfig]/sslVerifyServerCert is false disabling certificate validation; must be set to "true" for increased security
10-24-2023 10:54:36.398 +0000 INFO  ServerConfig - disableSSLShutdown=0
10-24-2023 10:54:36.398 +0000 INFO  ServerConfig - Setting search process to have long life span: enable_search_process_long_lifespan=1
10-24-2023 10:54:36.398 +0000 INFO  ServerConfig - certificateStatusValidationMethod is not set, defaulting to none.
10-24-2023 10:54:36.399 +0000 INFO  ServerConfig - Splunk is starting with EC-SSC disabled
10-24-2023 10:54:38.622 +0000 INFO  loader - Getting configuration data from: /opt/splunk/etc/myinstall/splunkd.xml
10-24-2023 10:54:38.629 +0000 INFO  loader - SPLUNK_MODULE_PATH environment variable not found - defaulting to /opt/splunk/etc/modules
10-24-2023 10:54:38.629 +0000 INFO  loader - loading modules from /opt/splunk/etc/modules
10-24-2023 10:54:38.631 +0000 INFO  loader - Writing out composite configuration file: /opt/splunk/var/run/splunk/composite.xml
10-24-2023 13:40:27.953 +0000 WARN  SSLOptions - server.conf/[sslConfig]/sslVerifyServerCert is false disabling certificate validation; must be set to "true" for increased security
10-24-2023 13:40:27.956 +0000 INFO  ServerConfig - disableSSLShutdown=0
10-24-2023 13:40:27.957 +0000 INFO  ServerConfig - Setting search process to have long life span: enable_search_process_long_lifespan=1
10-24-2023 13:40:27.957 +0000 INFO  ServerConfig - certificateStatusValidationMethod is not set, defaulting to none.
10-24-2023 13:40:27.958 +0000 INFO  ServerConfig - Splunk is starting with EC-SSC disabled
10-24-2023 13:40:30.397 +0000 INFO  loader - Getting configuration data from: /opt/splunk/etc/myinstall/splunkd.xml
10-24-2023 13:40:30.405 +0000 INFO  loader - SPLUNK_MODULE_PATH environment variable not found - defaulting to /opt/splunk/etc/modules
10-24-2023 13:40:30.405 +0000 INFO  loader - loading modules from /opt/splunk/etc/modules
10-24-2023 13:40:30.407 +0000 INFO  loader - Writing out composite configuration file: /opt/splunk/var/run/splunk/composite.xml
10-24-2023 13:40:44.898 +0000 WARN  SSLOptions - server.conf/[sslConfig]/sslVerifyServerCert is false disabling certificate validation; must be set to "true" for increased security
10-24-2023 13:40:44.901 +0000 INFO  ServerConfig - disableSSLShutdown=0
10-24-2023 13:40:44.902 +0000 INFO  ServerConfig - Setting search process to have long life span: enable_search_process_long_lifespan=1
10-24-2023 13:40:44.902 +0000 INFO  ServerConfig - certificateStatusValidationMethod is not set, defaulting to none.
10-24-2023 13:40:44.903 +0000 INFO  ServerConfig - Splunk is starting with EC-SSC disabled
10-24-2023 13:40:47.260 +0000 INFO  loader - Getting configuration data from: /opt/splunk/etc/myinstall/splunkd.xml
10-24-2023 13:40:47.267 +0000 INFO  loader - SPLUNK_MODULE_PATH environment variable not found - defaulting to /opt/splunk/etc/modules
10-24-2023 13:40:47.268 +0000 INFO  loader - loading modules from /opt/splunk/etc/modules
10-24-2023 13:40:47.276 +0000 INFO  loader - Writing out composite configuration file: /opt/splunk/var/run/splunk/composite.xml
10-24-2023 13:41:01.679 +0000 WARN  SSLOptions - server.conf/[sslConfig]/sslVerifyServerCert is false disabling certificate validation; must be set to "true" for increased security
10-24-2023 13:41:01.683 +0000 INFO  ServerConfig - disableSSLShutdown=0
10-24-2023 13:41:01.683 +0000 INFO  ServerConfig - Setting search process to have long life span: enable_search_process_long_lifespan=1
10-24-2023 13:41:01.683 +0000 INFO  ServerConfig - certificateStatusValidationMethod is not set, defaulting to none.
10-24-2023 13:41:01.684 +0000 INFO  ServerConfig - Splunk is starting with EC-SSC disabled
10-24-2023 13:41:04.039 +0000 INFO  loader - Getting configuration data from: /opt/splunk/etc/myinstall/splunkd.xml
10-24-2023 13:41:04.046 +0000 INFO  loader - SPLUNK_MODULE_PATH environment variable not found - defaulting to /opt/splunk/etc/modules
10-24-2023 13:41:04.046 +0000 INFO  loader - loading modules from /opt/splunk/etc/modules
10-24-2023 13:41:04.049 +0000 INFO  loader - Writing out composite configuration file: /opt/splunk/var/run/splunk/composite.xml
10-24-2023 13:41:18.449 +0000 WARN  SSLOptions - server.conf/[sslConfig]/sslVerifyServerCert is false disabling certificate validation; must be set to "true" for increased security
10-24-2023 13:41:18.452 +0000 INFO  ServerConfig - disableSSLShutdown=0
10-24-2023 13:41:18.452 +0000 INFO  ServerConfig - Setting search process to have long life span: enable_search_process_long_lifespan=1
10-24-2023 13:41:18.452 +0000 INFO  ServerConfig - certificateStatusValidationMethod is not set, defaulting to none.
10-24-2023 13:41:18.453 +0000 INFO  ServerConfig - Splunk is starting with EC-SSC disabled
10-24-2023 13:41:20.799 +0000 INFO  loader - Getting configuration data from: /opt/splunk/etc/myinstall/splunkd.xml
10-24-2023 13:41:20.806 +0000 INFO  loader - SPLUNK_MODULE_PATH environment variable not found - defaulting to /opt/splunk/etc/modules
10-24-2023 13:41:20.806 +0000 INFO  loader - loading modules from /opt/splunk/etc/modules
10-24-2023 13:41:20.808 +0000 INFO  loader - Writing out composite configuration file: /opt/splunk/var/run/splunk/composite.xml
10-24-2023 13:41:35.222 +0000 WARN  SSLOptions - server.conf/[sslConfig]/sslVerifyServerCert is false disabling certificate validation; must be set to "true" for increased security
10-24-2023 13:41:35.225 +0000 INFO  ServerConfig - disableSSLShutdown=0
10-24-2023 13:41:35.225 +0000 INFO  ServerConfig - Setting search process to have long life span: enable_search_process_long_lifespan=1
10-24-2023 13:41:35.226 +0000 INFO  ServerConfig - certificateStatusValidationMethod is not set, defaulting to none.
10-24-2023 13:41:35.226 +0000 INFO  ServerConfig - Splunk is starting with EC-SSC disabled
10-24-2023 13:41:37.574 +0000 INFO  loader - Getting configuration data from: /opt/splunk/etc/myinstall/splunkd.xml
10-24-2023 13:41:37.581 +0000 INFO  loader - SPLUNK_MODULE_PATH environment variable not found - defaulting to /opt/splunk/etc/modules
10-24-2023 13:41:37.582 +0000 INFO  loader - loading modules from /opt/splunk/etc/modules
10-24-2023 13:41:37.584 +0000 INFO  loader - Writing out composite configuration file: /opt/splunk/var/run/splunk/composite.xml
10-24-2023 13:41:52.025 +0000 WARN  SSLOptions - server.conf/[sslConfig]/sslVerifyServerCert is false disabling certificate validation; must be set to "true" for increased security
10-24-2023 13:41:52.028 +0000 INFO  ServerConfig - disableSSLShutdown=0
10-24-2023 13:41:52.029 +0000 INFO  ServerConfig - Setting search process to have long life span: enable_search_process_long_lifespan=1
10-24-2023 13:41:52.029 +0000 INFO  ServerConfig - certificateStatusValidationMethod is not set, defaulting to none.
10-24-2023 13:41:52.030 +0000 INFO  ServerConfig - Splunk is starting with EC-SSC disabled
10-24-2023 13:41:54.384 +0000 INFO  loader - Getting configuration data from: /opt/splunk/etc/myinstall/splunkd.xml
10-24-2023 13:41:54.391 +0000 INFO  loader - SPLUNK_MODULE_PATH environment variable not found - defaulting to /opt/splunk/etc/modules
10-24-2023 13:41:54.392 +0000 INFO  loader - loading modules from /opt/splunk/etc/modules
10-24-2023 13:41:54.394 +0000 INFO  loader - Writing out composite configuration file: /opt/splunk/var/run/splunk/composite.xml
